<?xml version="1.0" encoding="UTF-8"?>
<!-- Generated by org.testng.reporters.JUnitReportReporter -->
<testsuite hostname="hopper" name="com.cd.reddit.RedditTest" tests="11" failures="6" timestamp="15 Sep 2014 23:27:57 GMT" time="18.101" errors="0">
  <testcase name="commentAndDelete" time="0.000" classname="com.cd.reddit.RedditTest"/>
  <testcase name="login" time="2.845" classname="com.cd.reddit.RedditTest"/>
  <testcase name="newCaptcha" time="2.246" classname="com.cd.reddit.RedditTest"/>
  <testcase name="listingsFor" time="5.127" classname="com.cd.reddit.RedditTest">
    <failure type="java.lang.NullPointerException">
      <![CDATA[java.lang.NullPointerException
	at com.cd.reddit.RedditTest.listingsFor(RedditTest.java:189)
	at sun.reflect.NativeMethodAccessorImpl.invoke0(Native Method)
	at sun.reflect.NativeMethodAccessorImpl.invoke(NativeMethodAccessorImpl.java:62)
	at sun.reflect.DelegatingMethodAccessorImpl.invoke(DelegatingMethodAccessorImpl.java:43)
	at java.lang.reflect.Method.invoke(Method.java:483)
	at org.testng.internal.MethodInvocationHelper.invokeMethod(MethodInvocationHelper.java:80)
	at org.testng.internal.Invoker.invokeMethod(Invoker.java:673)
	at org.testng.internal.Invoker.invokeTestMethod(Invoker.java:842)
	at org.testng.internal.Invoker.invokeTestMethods(Invoker.java:1166)
	at org.testng.internal.TestMethodWorker.invokeTestMethods(TestMethodWorker.java:125)
	at org.testng.internal.TestMethodWorker.run(TestMethodWorker.java:109)
	at org.testng.TestRunner.runWorkers(TestRunner.java:1178)
	at org.testng.TestRunner.privateRun(TestRunner.java:757)
	at org.testng.TestRunner.run(TestRunner.java:608)
	at org.testng.SuiteRunner.runTest(SuiteRunner.java:334)
	at org.testng.SuiteRunner.runSequentially(SuiteRunner.java:329)
	at org.testng.SuiteRunner.privateRun(SuiteRunner.java:291)
	at org.testng.SuiteRunner.run(SuiteRunner.java:240)
	at org.testng.SuiteRunnerWorker.runSuite(SuiteRunnerWorker.java:52)
	at org.testng.SuiteRunnerWorker.run(SuiteRunnerWorker.java:86)
	at org.testng.TestNG.runSuitesSequentially(TestNG.java:1158)
	at org.testng.TestNG.runSuitesLocally(TestNG.java:1083)
	at org.testng.TestNG.run(TestNG.java:999)
	at org.apache.maven.surefire.testng.TestNGExecutor.run(TestNGExecutor.java:69)
	at org.apache.maven.surefire.testng.TestNGDirectoryTestSuite.executeMulti(TestNGDirectoryTestSuite.java:181)
	at org.apache.maven.surefire.testng.TestNGDirectoryTestSuite.execute(TestNGDirectoryTestSuite.java:99)
	at org.apache.maven.surefire.testng.TestNGProvider.invoke(TestNGProvider.java:113)
	at org.apache.maven.surefire.booter.ForkedBooter.invokeProviderInSameClassLoader(ForkedBooter.java:200)
	at org.apache.maven.surefire.booter.ForkedBooter.runSuitesInProcess(ForkedBooter.java:153)
	at org.apache.maven.surefire.booter.ForkedBooter.main(ForkedBooter.java:103)
]]>
    </failure>
  </testcase>
  <testcase name="testUnmarkNSFW" time="1.782" classname="com.cd.reddit.RedditTest"/>
  <testcase name="testMeJson" time="0.000" classname="com.cd.reddit.RedditTest"/>
  <testcase name="testMarkNSFW" time="0.545" classname="com.cd.reddit.RedditTest"/>
  <testcase name="commentsForAndMore" time="0.000" classname="com.cd.reddit.RedditTest"/>
  <testcase name="subredditsPopular" time="5.556" classname="com.cd.reddit.RedditTest"/>
  <testcase name="testUserInfoFor" time="0.000" classname="com.cd.reddit.RedditTest"/>
  <testcase name="vote" time="0.000" classname="com.cd.reddit.RedditTest"/>
</testsuite>
